<?xml version="1.0" encoding="UTF-8"?>
<testng-results skipped="0" failed="1" total="4" passed="3">
  <reporter-output>
  </reporter-output>
  <suite name="Default suite" duration-ms="60981" started-at="2014-04-12T00:02:56Z" finished-at="2014-04-12T00:03:57Z">
    <groups>
    </groups>
    <test name="Default test" duration-ms="60981" started-at="2014-04-12T00:02:56Z" finished-at="2014-04-12T00:03:57Z">
      <class name="com.cmpe295.university.test.UniversityAPITest">
        <test-method status="PASS" signature="CRconfiguration()[pri:0, instance:com.cmpe295.university.test.UniversityAPITest@1c48fe36]" name="CRconfiguration" duration-ms="22058" started-at="2014-04-11T17:02:56Z" finished-at="2014-04-11T17:03:18Z">
          <reporter-output>
          </reporter-output>
        </test-method> <!-- CRconfiguration -->
        <test-method status="PASS" signature="FFconfiguration()[pri:0, instance:com.cmpe295.university.test.UniversityAPITest@1c48fe36]" name="FFconfiguration" duration-ms="20506" started-at="2014-04-11T17:03:18Z" finished-at="2014-04-11T17:03:39Z">
          <reporter-output>
          </reporter-output>
        </test-method> <!-- FFconfiguration -->
        <test-method status="PASS" signature="IEconfiguration()[pri:0, instance:com.cmpe295.university.test.UniversityAPITest@1c48fe36]" name="IEconfiguration" duration-ms="15671" started-at="2014-04-11T17:03:39Z" finished-at="2014-04-11T17:03:54Z">
          <reporter-output>
          </reporter-output>
        </test-method> <!-- IEconfiguration -->
        <test-method status="FAIL" signature="mobileConfiguration()[pri:0, instance:com.cmpe295.university.test.UniversityAPITest@1c48fe36]" name="mobileConfiguration" duration-ms="2688" started-at="2014-04-11T17:03:54Z" finished-at="2014-04-11T17:03:57Z">
          <exception class="org.openqa.selenium.SessionNotCreatedException">
            <message>
              <![CDATA[A new session could not be created. (Original error: Did not get session redirect from Chromedriver) (WARNING: The server did not provide any stacktrace information)
Command duration or timeout: 2.68 seconds
Build info: version: '2.41.0', revision: '3192d8a6c4449dc285928ba024779344f5423c58', time: '2014-03-27 11:29:39'
System info: host: 'Vardhan', ip: '192.168.180.62', os.name: 'Windows 8', os.arch: 'amd64', os.version: '6.2', java.version: '1.7.0_51'
Driver info: org.openqa.selenium.remote.RemoteWebDriver]]>
            </message>
            <full-stacktrace>
              <![CDATA[org.openqa.selenium.SessionNotCreatedException: A new session could not be created. (Original error: Did not get session redirect from Chromedriver) (WARNING: The server did not provide any stacktrace information)
Command duration or timeout: 2.68 seconds
Build info: version: '2.41.0', revision: '3192d8a6c4449dc285928ba024779344f5423c58', time: '2014-03-27 11:29:39'
System info: host: 'Vardhan', ip: '192.168.180.62', os.name: 'Windows 8', os.arch: 'amd64', os.version: '6.2', java.version: '1.7.0_51'
Driver info: org.openqa.selenium.remote.RemoteWebDriver
	at sun.reflect.NativeConstructorAccessorImpl.newInstance0(Native Method)
	at sun.reflect.NativeConstructorAccessorImpl.newInstance(Unknown Source)
	at sun.reflect.DelegatingConstructorAccessorImpl.newInstance(Unknown Source)
	at java.lang.reflect.Constructor.newInstance(Unknown Source)
	at org.openqa.selenium.remote.ErrorHandler.createThrowable(ErrorHandler.java:193)
	at org.openqa.selenium.remote.ErrorHandler.throwIfResponseFailed(ErrorHandler.java:145)
	at org.openqa.selenium.remote.RemoteWebDriver.execute(RemoteWebDriver.java:595)
	at org.openqa.selenium.remote.RemoteWebDriver.startSession(RemoteWebDriver.java:240)
	at org.openqa.selenium.remote.RemoteWebDriver.<init>(RemoteWebDriver.java:126)
	at org.openqa.selenium.remote.RemoteWebDriver.<init>(RemoteWebDriver.java:153)
	at com.cmpe295.university.test.UniversityAPITest.mobileConfiguration(UniversityAPITest.java:44)
	at sun.reflect.NativeMethodAccessorImpl.invoke0(Native Method)
	at sun.reflect.NativeMethodAccessorImpl.invoke(Unknown Source)
	at sun.reflect.DelegatingMethodAccessorImpl.invoke(Unknown Source)
	at java.lang.reflect.Method.invoke(Unknown Source)
	at org.testng.internal.MethodInvocationHelper.invokeMethod(MethodInvocationHelper.java:84)
	at org.testng.internal.Invoker.invokeMethod(Invoker.java:714)
	at org.testng.internal.Invoker.invokeTestMethod(Invoker.java:901)
	at org.testng.internal.Invoker.invokeTestMethods(Invoker.java:1231)
	at org.testng.internal.TestMethodWorker.invokeTestMethods(TestMethodWorker.java:127)
	at org.testng.internal.TestMethodWorker.run(TestMethodWorker.java:111)
	at org.testng.TestRunner.privateRun(TestRunner.java:767)
	at org.testng.TestRunner.run(TestRunner.java:617)
	at org.testng.SuiteRunner.runTest(SuiteRunner.java:334)
	at org.testng.SuiteRunner.runSequentially(SuiteRunner.java:329)
	at org.testng.SuiteRunner.privateRun(SuiteRunner.java:291)
	at org.testng.SuiteRunner.run(SuiteRunner.java:240)
	at org.testng.SuiteRunnerWorker.runSuite(SuiteRunnerWorker.java:52)
	at org.testng.SuiteRunnerWorker.run(SuiteRunnerWorker.java:86)
	at org.testng.TestNG.runSuitesSequentially(TestNG.java:1224)
	at org.testng.TestNG.runSuitesLocally(TestNG.java:1149)
	at org.testng.TestNG.run(TestNG.java:1057)
	at org.testng.remote.RemoteTestNG.run(RemoteTestNG.java:111)
	at org.testng.remote.RemoteTestNG.initAndRun(RemoteTestNG.java:204)
	at org.testng.remote.RemoteTestNG.main(RemoteTestNG.java:175)
]]>
            </full-stacktrace>
          </exception> <!-- org.openqa.selenium.SessionNotCreatedException -->
          <reporter-output>
          </reporter-output>
        </test-method> <!-- mobileConfiguration -->
      </class> <!-- com.cmpe295.university.test.UniversityAPITest -->
    </test> <!-- Default test -->
  </suite> <!-- Default suite -->
</testng-results>
